<?xml version="1.0" encoding="UTF-8"?>
<!-- Generated by org.testng.reporters.JUnitReportReporter -->
<testsuite hostname="admins-Mac-mini.local" name="testNgFiles.testChildCount" tests="1" failures="0" timestamp="25 Aug 2016 09:12:27 GMT" time="30.163" errors="0">
  <testcase name="childCountTest" time="30.163" classname="testNgFiles.testChildCount"/>
</testsuite> <!-- testNgFiles.testChildCount -->
