<?xml version="1.0" encoding="UTF-8"?>
<!-- Generated by org.testng.reporters.JUnitReportReporter -->
<testsuite hostname="admins-Mac-mini.local" name="com.mobiliya.edvelop.test.TestDisplayDashboard" tests="1" failures="0" timestamp="27 Sep 2016 06:20:11 GMT" time="28.189" errors="0">
  <testcase name="testDisplayDashboardAfterValidLogin" time="28.189" classname="com.mobiliya.edvelop.test.TestDisplayDashboard"/>
</testsuite> <!-- com.mobiliya.edvelop.test.TestDisplayDashboard -->
