<?xml version="1.0" encoding="UTF-8"?>
<!-- Generated by org.testng.reporters.JUnitReportReporter -->
<testsuite hostname="admins-Mac-mini.local" name="com.mobiliya.edvelop.test.TestMainMenu" tests="6" failures="0" timestamp="13 Oct 2016 09:40:07 GMT" time="413.779" errors="0">
  <testcase name="testAllEventsDisplayed" time="10.645" classname="com.mobiliya.edvelop.test.TestMainMenu"/>
  <testcase name="testTimeLineITems" time="10.958" classname="com.mobiliya.edvelop.test.TestMainMenu"/>
  <testcase name="testNoticeEventsDisplayed" time="13.262" classname="com.mobiliya.edvelop.test.TestMainMenu"/>
  <testcase name="testHomeWorkEventsDisplayed" time="22.643" classname="com.mobiliya.edvelop.test.TestMainMenu"/>
  <testcase name="testGalleryEventsDisplayed" time="341.755" classname="com.mobiliya.edvelop.test.TestMainMenu"/>
  <testcase name="testEventEventsDisplayed" time="14.516" classname="com.mobiliya.edvelop.test.TestMainMenu"/>
</testsuite> <!-- com.mobiliya.edvelop.test.TestMainMenu -->
