<?xml version="1.0" encoding="UTF-8"?>
<!-- Generated by org.testng.reporters.JUnitReportReporter -->
<testsuite hostname="admins-Mac-mini.local" name="com.mobiliya.edvelop.test.TestDisplayDashboard" tests="1" failures="0" timestamp="4 Oct 2016 09:54:57 GMT" time="17.468" errors="0">
  <testcase name="testDisplayDashboardAfterValidLogin" time="17.468" classname="com.mobiliya.edvelop.test.TestDisplayDashboard"/>
</testsuite> <!-- com.mobiliya.edvelop.test.TestDisplayDashboard -->
