<?xml version="1.0" encoding="UTF-8"?>
<!-- Generated by org.testng.reporters.JUnitReportReporter -->
<testsuite hostname="admins-Mac-mini.local" name="com.mobiliya.edvelop.test.TestValidLoginWithFacebook" tests="1" failures="0" timestamp="12 Oct 2016 07:55:18 GMT" time="53.954" errors="0">
  <testcase name="testValidLoginWithFacebook" time="53.954" classname="com.mobiliya.edvelop.test.TestValidLoginWithFacebook"/>
</testsuite> <!-- com.mobiliya.edvelop.test.TestValidLoginWithFacebook -->
