<?xml version="1.0" encoding="UTF-8"?>
<!-- Generated by org.testng.reporters.JUnitReportReporter -->
<testsuite hostname="admins-Mac-mini.local" name="com.mobiliya.edvelop.test.TestMainMenu" tests="6" failures="0" timestamp="4 Oct 2016 09:54:57 GMT" time="354.126" errors="0">
  <testcase name="testEventEventsDisplayed" time="17.437" classname="com.mobiliya.edvelop.test.TestMainMenu"/>
  <testcase name="testGalleryEventsDisplayed" time="230.165" classname="com.mobiliya.edvelop.test.TestMainMenu"/>
  <testcase name="testAllEventsDisplayed" time="11.871" classname="com.mobiliya.edvelop.test.TestMainMenu"/>
  <testcase name="testNoticeEventsDisplayed" time="34.729" classname="com.mobiliya.edvelop.test.TestMainMenu"/>
  <testcase name="testHomeWorkEventsDisplayed" time="48.859" classname="com.mobiliya.edvelop.test.TestMainMenu"/>
  <testcase name="testTimeLineITems" time="11.065" classname="com.mobiliya.edvelop.test.TestMainMenu"/>
</testsuite> <!-- com.mobiliya.edvelop.test.TestMainMenu -->
