<?xml version="1.0" encoding="UTF-8"?>
<!-- Generated by org.testng.reporters.JUnitReportReporter -->
<testsuite hostname="admins-Mac-mini.local" name="com.mobiliya.edvelop.test.TestValidLoginWithMicrosoft" tests="1" failures="0" timestamp="27 Sep 2016 07:49:34 GMT" time="62.714" errors="0">
  <testcase name="testValidLoginWithMicrosoft" time="62.714" classname="com.mobiliya.edvelop.test.TestValidLoginWithMicrosoft"/>
</testsuite> <!-- com.mobiliya.edvelop.test.TestValidLoginWithMicrosoft -->
