<?xml version="1.0" encoding="UTF-8"?>
<!-- Generated by org.testng.reporters.JUnitReportReporter -->
<testsuite hostname="Chetans-Mac.local" name="com.mobiliya.edvelop.test.EdvelopTests" tests="4" failures="0" timestamp="26 Sep 2016 05:45:20 GMT" time="76.888" errors="0">
  <testcase name="testValidLoginWithGoogle" time="36.625" classname="com.mobiliya.edvelop.test.EdvelopTests"/>
  <testcase name="testDisplayIntroScreensOnFirstLaunch" time="23.446" classname="com.mobiliya.edvelop.test.EdvelopTests"/>
  <testcase name="testDisplayDashboard" time="0.013" classname="com.mobiliya.edvelop.test.EdvelopTests"/>
  <testcase name="testDisplaykidsListAfterValidLogin" time="16.804" classname="com.mobiliya.edvelop.test.EdvelopTests"/>
</testsuite> <!-- com.mobiliya.edvelop.test.EdvelopTests -->
