<?xml version="1.0" encoding="UTF-8"?>
<!-- Generated by org.testng.reporters.JUnitReportReporter -->
<<<<<<< Upstream, based on local_chetan
<testsuite hostname="admins-Mac-mini.local" name="com.mobiliya.edvelop.test.TestValidLoginWithGoogle" tests="1" failures="0" timestamp="27 Sep 2016 06:20:11 GMT" time="59.377" errors="0">
  <testcase name="testValidLoginWithGoogle" time="59.377" classname="com.mobiliya.edvelop.test.TestValidLoginWithGoogle"/>
=======
<testsuite hostname="Chetans-Mac.local" name="com.mobiliya.edvelop.test.TestValidLoginWithGoogle" tests="1" failures="0" timestamp="27 Sep 2016 05:30:35 GMT" time="54.401" errors="0">
  <testcase name="testValidLoginWithGoogle" time="54.401" classname="com.mobiliya.edvelop.test.TestValidLoginWithGoogle"/>
>>>>>>> 10502b0 Added error handing to all page object, Added tests to sign in using Facebook and microsoft, Added minor chages to utilities and config files
</testsuite> <!-- com.mobiliya.edvelop.test.TestValidLoginWithGoogle -->
