<?xml version="1.0" encoding="UTF-8"?>
<!-- Generated by org.testng.reporters.JUnitReportReporter -->
<testsuite hostname="admins-Mac-mini.local" name="com.mobiliya.edvelop.test.TestValidLoginWithMicrosoft" tests="1" failures="0" timestamp="12 Oct 2016 07:55:18 GMT" time="71.708" errors="0">
  <testcase name="testValidLoginWithMicrosoft" time="71.708" classname="com.mobiliya.edvelop.test.TestValidLoginWithMicrosoft"/>
</testsuite> <!-- com.mobiliya.edvelop.test.TestValidLoginWithMicrosoft -->
