<?xml version="1.0" encoding="UTF-8"?>
<!-- Generated by org.testng.reporters.JUnitReportReporter -->
<testsuite hostname="admins-Mac-mini.local" name="com.mobiliya.edvelop.test.TestInvalidLoginWithGoogle" tests="1" failures="0" timestamp="12 Oct 2016 07:55:18 GMT" time="53.388" errors="0">
  <testcase name="testInvalidLoginWithGoogle" time="53.388" classname="com.mobiliya.edvelop.test.TestInvalidLoginWithGoogle"/>
</testsuite> <!-- com.mobiliya.edvelop.test.TestInvalidLoginWithGoogle -->
