<?xml version="1.0" encoding="UTF-8"?>
<!-- Generated by org.testng.reporters.JUnitReportReporter -->
<testsuite hostname="admins-Mac-mini.local" name="com.mobiliya.edvelop.test.TestValidLoginWithGoogle" tests="1" failures="0" timestamp="4 Oct 2016 09:54:57 GMT" time="55.663" errors="0">
  <testcase name="testValidLoginWithGoogle" time="55.663" classname="com.mobiliya.edvelop.test.TestValidLoginWithGoogle"/>
</testsuite> <!-- com.mobiliya.edvelop.test.TestValidLoginWithGoogle -->
