<?xml version="1.0" encoding="UTF-8"?>
<!-- Generated by org.testng.reporters.JUnitReportReporter -->
<testsuite hostname="Chetans-Mac.local" name="com.mobiliya.edvelop.test.EdvelopTest" tests="1" failures="0" timestamp="21 Sep 2016 12:51:45 GMT" time="51.667" errors="0">
  <testcase name="testValidLoginWithGoogle" time="51.667" classname="com.mobiliya.edvelop.test.EdvelopTest"/>
</testsuite> <!-- com.mobiliya.edvelop.test.EdvelopTest -->
