<?xml version="1.0" encoding="UTF-8"?>
<!-- Generated by org.testng.reporters.JUnitReportReporter -->
<testsuite hostname="Chetans-Mac.local" name="com.mobiliya.edvelop.test.EdvelopTests" tests="3" failures="0" timestamp="26 Sep 2016 05:01:16 GMT" time="64.252" errors="0">
  <testcase name="testDisplayIntroScreensOnFirstLaunch" time="20.246" classname="com.mobiliya.edvelop.test.EdvelopTests"/>
  <testcase name="testDisplayDashboard" time="0.011" classname="com.mobiliya.edvelop.test.EdvelopTests"/>
  <testcase name="testValidLoginWithGoogle" time="43.995" classname="com.mobiliya.edvelop.test.EdvelopTests"/>
</testsuite> <!-- com.mobiliya.edvelop.test.EdvelopTests -->
