<?xml version="1.0" encoding="UTF-8"?>
<!-- Generated by org.testng.reporters.JUnitReportReporter -->
<<<<<<< Upstream, based on local_chetan
<testsuite hostname="admins-Mac-mini.local" name="com.mobiliya.edvelop.test.TestDisplayIntroScreens" tests="1" failures="0" timestamp="27 Sep 2016 06:20:11 GMT" time="23.210" errors="0">
  <testcase name="testDisplayIntroScreensOnFirstLaunch" time="23.210" classname="com.mobiliya.edvelop.test.TestDisplayIntroScreens"/>
=======
<testsuite hostname="Chetans-Mac.local" name="com.mobiliya.edvelop.test.TestDisplayIntroScreens" tests="1" failures="0" timestamp="27 Sep 2016 06:07:40 GMT" time="24.386" errors="0">
  <testcase name="testDisplayIntroScreensOnFirstLaunch" time="24.386" classname="com.mobiliya.edvelop.test.TestDisplayIntroScreens"/>
>>>>>>> 10502b0 Added error handing to all page object, Added tests to sign in using Facebook and microsoft, Added minor chages to utilities and config files
</testsuite> <!-- com.mobiliya.edvelop.test.TestDisplayIntroScreens -->
