<?xml version="1.0" encoding="UTF-8"?>
<!-- Generated by org.testng.reporters.JUnitReportReporter -->
<testsuite hostname="admins-Mac-mini.local" name="com.mobiliya.edvelop.test.TestValidLoginWithGoogle" tests="1" failures="0" timestamp="27 Sep 2016 06:20:11 GMT" time="59.377" errors="0">
  <testcase name="testValidLoginWithGoogle" time="59.377" classname="com.mobiliya.edvelop.test.TestValidLoginWithGoogle"/>
</testsuite> <!-- com.mobiliya.edvelop.test.TestValidLoginWithGoogle -->
